EDA Netlist Writer report for final_project_59
Wed Jun 09 13:11:07 2021
Quartus II Version 9.1 Build 350 03/24/2010 Service Pack 2 SJ Web Edition


---------------------
; Table of Contents ;
---------------------
  1. Legal Notice
  2. EDA Netlist Writer Summary
  3. Simulation Settings
  4. Simulation Generated Files
  5. EDA Netlist Writer Messages



----------------
; Legal Notice ;
----------------
Copyright (C) 1991-2010 Altera Corporation
Your use of Altera Corporation's design tools, logic functions 
and other software and tools, and its AMPP partner logic 
functions, and any output files from any of the foregoing 
(including device programming or simulation files), and any 
associated documentation or information are expressly subject 
to the terms and conditions of the Altera Program License 
Subscription Agreement, Altera MegaCore Function License 
Agreement, or other applicable license agreement, including, 
without limitation, that your use is for the sole purpose of 
programming logic devices manufactured by Altera and sold by 
Altera or its authorized distributors.  Please refer to the 
applicable agreement for further details.



+-------------------------------------------------------------------+
; EDA Netlist Writer Summary                                        ;
+---------------------------+---------------------------------------+
; EDA Netlist Writer Status ; Successful - Wed Jun 09 13:11:07 2021 ;
; Revision Name             ; final_project_59                      ;
; Top-level Entity Name     ; final_project_59                      ;
; Family                    ; Cyclone III                           ;
; Simulation Files Creation ; Successful                            ;
+---------------------------+---------------------------------------+


+-------------------------------------------------------------------------------------------------------------------------------+
; Simulation Settings                                                                                                           ;
+---------------------------------------------------------------------------------------------------+---------------------------+
; Option                                                                                            ; Setting                   ;
+---------------------------------------------------------------------------------------------------+---------------------------+
; Tool Name                                                                                         ; ModelSim-Altera (Verilog) ;
; Generate netlist for functional simulation only                                                   ; Off                       ;
; Time scale                                                                                        ; 1 ps                      ;
; Truncate long hierarchy paths                                                                     ; Off                       ;
; Map illegal HDL characters                                                                        ; Off                       ;
; Flatten buses into individual nodes                                                               ; Off                       ;
; Maintain hierarchy                                                                                ; Off                       ;
; Bring out device-wide set/reset signals as ports                                                  ; Off                       ;
; Enable glitch filtering                                                                           ; Off                       ;
; Do not write top level VHDL entity                                                                ; Off                       ;
; Disable detection of setup and hold time violations in the input registers of bi-directional pins ; Off                       ;
; Architecture name in VHDL output netlist                                                          ; structure                 ;
; Generate third-party EDA tool command script for RTL functional simulation                        ; Off                       ;
; Generate third-party EDA tool command script for gate-level simulation                            ; Off                       ;
+---------------------------------------------------------------------------------------------------+---------------------------+


+---------------------------------------------------------------------------------------------------------------------+
; Simulation Generated Files                                                                                          ;
+---------------------------------------------------------------------------------------------------------------------+
; Generated Files                                                                                                     ;
+---------------------------------------------------------------------------------------------------------------------+
; D:/ComputerScience/1092/计歙t参龟喷/final_project_59/simulation/modelsim/final_project_59_6_1200mv_85c_slow.vo     ;
; D:/ComputerScience/1092/计歙t参龟喷/final_project_59/simulation/modelsim/final_project_59_6_1200mv_0c_slow.vo      ;
; D:/ComputerScience/1092/计歙t参龟喷/final_project_59/simulation/modelsim/final_project_59_min_1200mv_0c_fast.vo    ;
; D:/ComputerScience/1092/计歙t参龟喷/final_project_59/simulation/modelsim/final_project_59.vo                       ;
; D:/ComputerScience/1092/计歙t参龟喷/final_project_59/simulation/modelsim/final_project_59_6_1200mv_85c_v_slow.sdo  ;
; D:/ComputerScience/1092/计歙t参龟喷/final_project_59/simulation/modelsim/final_project_59_6_1200mv_0c_v_slow.sdo   ;
; D:/ComputerScience/1092/计歙t参龟喷/final_project_59/simulation/modelsim/final_project_59_min_1200mv_0c_v_fast.sdo ;
; D:/ComputerScience/1092/计歙t参龟喷/final_project_59/simulation/modelsim/final_project_59_v.sdo                    ;
+---------------------------------------------------------------------------------------------------------------------+


+-----------------------------+
; EDA Netlist Writer Messages ;
+-----------------------------+
Info: *******************************************************************
Info: Running Quartus II EDA Netlist Writer
    Info: Version 9.1 Build 350 03/24/2010 Service Pack 2 SJ Web Edition
    Info: Processing started: Wed Jun 09 13:11:03 2021
Info: Command: quartus_eda --read_settings_files=off --write_settings_files=off final_project_59 -c final_project_59
Info: Generated file final_project_59_6_1200mv_85c_slow.vo in folder "D:/ComputerScience/1092/计歙t参龟喷/final_project_59/simulation/modelsim/" for EDA simulation tool
Info: Generated file final_project_59_6_1200mv_0c_slow.vo in folder "D:/ComputerScience/1092/计歙t参龟喷/final_project_59/simulation/modelsim/" for EDA simulation tool
Info: Generated file final_project_59_min_1200mv_0c_fast.vo in folder "D:/ComputerScience/1092/计歙t参龟喷/final_project_59/simulation/modelsim/" for EDA simulation tool
Info: Generated file final_project_59.vo in folder "D:/ComputerScience/1092/计歙t参龟喷/final_project_59/simulation/modelsim/" for EDA simulation tool
Info: Generated file final_project_59_6_1200mv_85c_v_slow.sdo in folder "D:/ComputerScience/1092/计歙t参龟喷/final_project_59/simulation/modelsim/" for EDA simulation tool
Info: Generated file final_project_59_6_1200mv_0c_v_slow.sdo in folder "D:/ComputerScience/1092/计歙t参龟喷/final_project_59/simulation/modelsim/" for EDA simulation tool
Info: Generated file final_project_59_min_1200mv_0c_v_fast.sdo in folder "D:/ComputerScience/1092/计歙t参龟喷/final_project_59/simulation/modelsim/" for EDA simulation tool
Info: Generated file final_project_59_v.sdo in folder "D:/ComputerScience/1092/计歙t参龟喷/final_project_59/simulation/modelsim/" for EDA simulation tool
Info: Quartus II EDA Netlist Writer was successful. 0 errors, 0 warnings
    Info: Peak virtual memory: 210 megabytes
    Info: Processing ended: Wed Jun 09 13:11:08 2021
    Info: Elapsed time: 00:00:05
    Info: Total CPU time (on all processors): 00:00:07


