Analysis & Synthesis report for final_project_59
Wed Jun 09 13:10:30 2021
Quartus II Version 9.1 Build 350 03/24/2010 Service Pack 2 SJ Web Edition


---------------------
; Table of Contents ;
---------------------
  1. Legal Notice
  2. Analysis & Synthesis Summary
  3. Analysis & Synthesis Settings
  4. Parallel Compilation
  5. Analysis & Synthesis Source Files Read
  6. Analysis & Synthesis Resource Usage Summary
  7. Analysis & Synthesis Resource Utilization by Entity
  8. State Machine - |final_project_59|state
  9. State Machine - |final_project_59|Finished
 10. User-Specified and Inferred Latches
 11. Registers Removed During Synthesis
 12. General Register Statistics
 13. Inverted Register Statistics
 14. Multiplexer Restructuring Statistics (Restructuring Performed)
 15. Parameter Settings for User Entity Instance: Top-level Entity: |final_project_59
 16. Parameter Settings for Inferred Entity Instance: lpm_divide:Mod0
 17. Parameter Settings for Inferred Entity Instance: lpm_divide:Mod2
 18. Parameter Settings for Inferred Entity Instance: lpm_divide:Mod1
 19. Analysis & Synthesis Messages
 20. Analysis & Synthesis Suppressed Messages



----------------
; Legal Notice ;
----------------
Copyright (C) 1991-2010 Altera Corporation
Your use of Altera Corporation's design tools, logic functions 
and other software and tools, and its AMPP partner logic 
functions, and any output files from any of the foregoing 
(including device programming or simulation files), and any 
associated documentation or information are expressly subject 
to the terms and conditions of the Altera Program License 
Subscription Agreement, Altera MegaCore Function License 
Agreement, or other applicable license agreement, including, 
without limitation, that your use is for the sole purpose of 
programming logic devices manufactured by Altera and sold by 
Altera or its authorized distributors.  Please refer to the 
applicable agreement for further details.



+-----------------------------------------------------------------------------------+
; Analysis & Synthesis Summary                                                      ;
+------------------------------------+----------------------------------------------+
; Analysis & Synthesis Status        ; Successful - Wed Jun 09 13:10:30 2021        ;
; Quartus II Version                 ; 9.1 Build 350 03/24/2010 SP 2 SJ Web Edition ;
; Revision Name                      ; final_project_59                             ;
; Top-level Entity Name              ; final_project_59                             ;
; Family                             ; Cyclone III                                  ;
; Total logic elements               ; 1,072                                        ;
;     Total combinational functions  ; 1,067                                        ;
;     Dedicated logic registers      ; 131                                          ;
; Total registers                    ; 131                                          ;
; Total pins                         ; 47                                           ;
; Total virtual pins                 ; 0                                            ;
; Total memory bits                  ; 0                                            ;
; Embedded Multiplier 9-bit elements ; 0                                            ;
; Total PLLs                         ; 0                                            ;
+------------------------------------+----------------------------------------------+


+----------------------------------------------------------------------------------------------------------------------+
; Analysis & Synthesis Settings                                                                                        ;
+----------------------------------------------------------------------------+--------------------+--------------------+
; Option                                                                     ; Setting            ; Default Value      ;
+----------------------------------------------------------------------------+--------------------+--------------------+
; Device                                                                     ; EP3C16F484C6       ;                    ;
; Top-level entity name                                                      ; final_project_59   ; final_project_59   ;
; Family name                                                                ; Cyclone III        ; Stratix II         ;
; Type of Retiming Performed During Resynthesis                              ; Full               ;                    ;
; Resynthesis Optimization Effort                                            ; Normal             ;                    ;
; Physical Synthesis Level for Resynthesis                                   ; Normal             ;                    ;
; Use Generated Physical Constraints File                                    ; On                 ;                    ;
; Use smart compilation                                                      ; Off                ; Off                ;
; Enable parallel Assembler and TimeQuest Timing Analyzer during compilation ; On                 ; On                 ;
; Enable compact report table                                                ; Off                ; Off                ;
; Restructure Multiplexers                                                   ; Auto               ; Auto               ;
; Create Debugging Nodes for IP Cores                                        ; Off                ; Off                ;
; Preserve fewer node names                                                  ; On                 ; On                 ;
; Disable OpenCore Plus hardware evaluation                                  ; Off                ; Off                ;
; Verilog Version                                                            ; Verilog_2001       ; Verilog_2001       ;
; VHDL Version                                                               ; VHDL_1993          ; VHDL_1993          ;
; State Machine Processing                                                   ; Auto               ; Auto               ;
; Safe State Machine                                                         ; Off                ; Off                ;
; Extract Verilog State Machines                                             ; On                 ; On                 ;
; Extract VHDL State Machines                                                ; On                 ; On                 ;
; Ignore Verilog initial constructs                                          ; Off                ; Off                ;
; Iteration limit for constant Verilog loops                                 ; 5000               ; 5000               ;
; Iteration limit for non-constant Verilog loops                             ; 250                ; 250                ;
; Add Pass-Through Logic to Inferred RAMs                                    ; On                 ; On                 ;
; Parallel Synthesis                                                         ; On                 ; On                 ;
; DSP Block Balancing                                                        ; Auto               ; Auto               ;
; NOT Gate Push-Back                                                         ; On                 ; On                 ;
; Power-Up Don't Care                                                        ; On                 ; On                 ;
; Remove Redundant Logic Cells                                               ; Off                ; Off                ;
; Remove Duplicate Registers                                                 ; On                 ; On                 ;
; Ignore CARRY Buffers                                                       ; Off                ; Off                ;
; Ignore CASCADE Buffers                                                     ; Off                ; Off                ;
; Ignore GLOBAL Buffers                                                      ; Off                ; Off                ;
; Ignore ROW GLOBAL Buffers                                                  ; Off                ; Off                ;
; Ignore LCELL Buffers                                                       ; Off                ; Off                ;
; Ignore SOFT Buffers                                                        ; On                 ; On                 ;
; Limit AHDL Integers to 32 Bits                                             ; Off                ; Off                ;
; Optimization Technique                                                     ; Balanced           ; Balanced           ;
; Carry Chain Length                                                         ; 70                 ; 70                 ;
; Auto Carry Chains                                                          ; On                 ; On                 ;
; Auto Open-Drain Pins                                                       ; On                 ; On                 ;
; Perform WYSIWYG Primitive Resynthesis                                      ; Off                ; Off                ;
; Auto ROM Replacement                                                       ; On                 ; On                 ;
; Auto RAM Replacement                                                       ; On                 ; On                 ;
; Auto DSP Block Replacement                                                 ; On                 ; On                 ;
; Auto Shift Register Replacement                                            ; Auto               ; Auto               ;
; Auto Clock Enable Replacement                                              ; On                 ; On                 ;
; Strict RAM Replacement                                                     ; Off                ; Off                ;
; Allow Synchronous Control Signals                                          ; On                 ; On                 ;
; Force Use of Synchronous Clear Signals                                     ; Off                ; Off                ;
; Auto RAM Block Balancing                                                   ; On                 ; On                 ;
; Auto RAM to Logic Cell Conversion                                          ; Off                ; Off                ;
; Auto Resource Sharing                                                      ; Off                ; Off                ;
; Allow Any RAM Size For Recognition                                         ; Off                ; Off                ;
; Allow Any ROM Size For Recognition                                         ; Off                ; Off                ;
; Allow Any Shift Register Size For Recognition                              ; Off                ; Off                ;
; Use LogicLock Constraints during Resource Balancing                        ; On                 ; On                 ;
; Ignore translate_off and synthesis_off directives                          ; Off                ; Off                ;
; Timing-Driven Synthesis                                                    ; On                 ; On                 ;
; Show Parameter Settings Tables in Synthesis Report                         ; On                 ; On                 ;
; Ignore Maximum Fan-Out Assignments                                         ; Off                ; Off                ;
; Synchronization Register Chain Length                                      ; 2                  ; 2                  ;
; PowerPlay Power Optimization                                               ; Normal compilation ; Normal compilation ;
; HDL message level                                                          ; Level2             ; Level2             ;
; Suppress Register Optimization Related Messages                            ; Off                ; Off                ;
; Number of Removed Registers Reported in Synthesis Report                   ; 5000               ; 5000               ;
; Number of Inverted Registers Reported in Synthesis Report                  ; 100                ; 100                ;
; Clock MUX Protection                                                       ; On                 ; On                 ;
; Auto Gated Clock Conversion                                                ; Off                ; Off                ;
; Block Design Naming                                                        ; Auto               ; Auto               ;
; SDC constraint protection                                                  ; Off                ; Off                ;
; Synthesis Effort                                                           ; Auto               ; Auto               ;
; Shift Register Replacement - Allow Asynchronous Clear Signal               ; On                 ; On                 ;
; Analysis & Synthesis Message Level                                         ; Medium             ; Medium             ;
; Disable Register Merging Across Hierarchies                                ; Auto               ; Auto               ;
; Resource Aware Inference For Block RAM                                     ; On                 ; On                 ;
+----------------------------------------------------------------------------+--------------------+--------------------+


Parallel compilation was disabled, but you have multiple processors available. Enable parallel compilation to reduce compilation time.
+-------------------------------------+
; Parallel Compilation                ;
+----------------------------+--------+
; Processors                 ; Number ;
+----------------------------+--------+
; Number detected on machine ; 6      ;
; Maximum allowed            ; 1      ;
+----------------------------+--------+


+----------------------------------------------------------------------------------------------------------------------------------------------------------------------+
; Analysis & Synthesis Source Files Read                                                                                                                               ;
+----------------------------------+-----------------+------------------------------+----------------------------------------------------------------------------------+
; File Name with User-Entered Path ; Used in Netlist ; File Type                    ; File Name with Absolute Path                                                     ;
+----------------------------------+-----------------+------------------------------+----------------------------------------------------------------------------------+
; final_project_59.v               ; yes             ; User Verilog HDL File        ; D:/ComputerScience/1092/计歙t参龟喷/final_project_59/final_project_59.v         ;
; lpm_divide.tdf                   ; yes             ; Megafunction                 ; d:/altera/91sp2/quartus/libraries/megafunctions/lpm_divide.tdf                   ;
; db/lpm_divide_t9m.tdf            ; yes             ; Auto-Generated Megafunction  ; D:/ComputerScience/1092/计歙t参龟喷/final_project_59/db/lpm_divide_t9m.tdf      ;
; db/sign_div_unsign_rlh.tdf       ; yes             ; Auto-Generated Megafunction  ; D:/ComputerScience/1092/计歙t参龟喷/final_project_59/db/sign_div_unsign_rlh.tdf ;
; db/alt_u_div_u5f.tdf             ; yes             ; Auto-Generated Megafunction  ; D:/ComputerScience/1092/计歙t参龟喷/final_project_59/db/alt_u_div_u5f.tdf       ;
; db/add_sub_unc.tdf               ; yes             ; Auto-Generated Megafunction  ; D:/ComputerScience/1092/计歙t参龟喷/final_project_59/db/add_sub_unc.tdf         ;
; db/add_sub_vnc.tdf               ; yes             ; Auto-Generated Megafunction  ; D:/ComputerScience/1092/计歙t参龟喷/final_project_59/db/add_sub_vnc.tdf         ;
; db/lpm_divide_hbm.tdf            ; yes             ; Auto-Generated Megafunction  ; D:/ComputerScience/1092/计歙t参龟喷/final_project_59/db/lpm_divide_hbm.tdf      ;
; db/sign_div_unsign_fnh.tdf       ; yes             ; Auto-Generated Megafunction  ; D:/ComputerScience/1092/计歙t参龟喷/final_project_59/db/sign_div_unsign_fnh.tdf ;
; db/alt_u_div_99f.tdf             ; yes             ; Auto-Generated Megafunction  ; D:/ComputerScience/1092/计歙t参龟喷/final_project_59/db/alt_u_div_99f.tdf       ;
+----------------------------------+-----------------+------------------------------+----------------------------------------------------------------------------------+


+----------------------------------------------------------+
; Analysis & Synthesis Resource Usage Summary              ;
+---------------------------------------------+------------+
; Resource                                    ; Usage      ;
+---------------------------------------------+------------+
; Estimated Total logic elements              ; 1,072      ;
;                                             ;            ;
; Total combinational functions               ; 1067       ;
; Logic element usage by number of LUT inputs ;            ;
;     -- 4 input functions                    ; 187        ;
;     -- 3 input functions                    ; 499        ;
;     -- <=2 input functions                  ; 381        ;
;                                             ;            ;
; Logic elements by mode                      ;            ;
;     -- normal mode                          ; 651        ;
;     -- arithmetic mode                      ; 416        ;
;                                             ;            ;
; Total registers                             ; 131        ;
;     -- Dedicated logic registers            ; 131        ;
;     -- I/O registers                        ; 0          ;
;                                             ;            ;
; I/O pins                                    ; 47         ;
; Maximum fan-out node                        ; Hard~input ;
; Maximum fan-out                             ; 270        ;
; Total fan-out                               ; 3409       ;
; Average fan-out                             ; 2.64       ;
+---------------------------------------------+------------+


+---------------------------------------------------------------------------------------------------------------------------------------------------------------------------------------------------------------------------------------------------------------------------------------+
; Analysis & Synthesis Resource Utilization by Entity                                                                                                                                                                                                                                   ;
+----------------------------------------+-------------------+--------------+-------------+--------------+---------+-----------+------+--------------+-------------------------------------------------------------------------------------------------------------------+--------------+
; Compilation Hierarchy Node             ; LC Combinationals ; LC Registers ; Memory Bits ; DSP Elements ; DSP 9x9 ; DSP 18x18 ; Pins ; Virtual Pins ; Full Hierarchy Name                                                                                               ; Library Name ;
+----------------------------------------+-------------------+--------------+-------------+--------------+---------+-----------+------+--------------+-------------------------------------------------------------------------------------------------------------------+--------------+
; |final_project_59                      ; 1067 (303)        ; 131 (131)    ; 0           ; 0            ; 0       ; 0         ; 47   ; 0            ; |final_project_59                                                                                                 ; work         ;
;    |lpm_divide:Mod0|                   ; 309 (0)           ; 0 (0)        ; 0           ; 0            ; 0       ; 0         ; 0    ; 0            ; |final_project_59|lpm_divide:Mod0                                                                                 ;              ;
;       |lpm_divide_t9m:auto_generated|  ; 309 (0)           ; 0 (0)        ; 0           ; 0            ; 0       ; 0         ; 0    ; 0            ; |final_project_59|lpm_divide:Mod0|lpm_divide_t9m:auto_generated                                                   ;              ;
;          |sign_div_unsign_rlh:divider| ; 309 (0)           ; 0 (0)        ; 0           ; 0            ; 0       ; 0         ; 0    ; 0            ; |final_project_59|lpm_divide:Mod0|lpm_divide_t9m:auto_generated|sign_div_unsign_rlh:divider                       ;              ;
;             |alt_u_div_u5f:divider|    ; 309 (309)         ; 0 (0)        ; 0           ; 0            ; 0       ; 0         ; 0    ; 0            ; |final_project_59|lpm_divide:Mod0|lpm_divide_t9m:auto_generated|sign_div_unsign_rlh:divider|alt_u_div_u5f:divider ;              ;
;    |lpm_divide:Mod1|                   ; 247 (0)           ; 0 (0)        ; 0           ; 0            ; 0       ; 0         ; 0    ; 0            ; |final_project_59|lpm_divide:Mod1                                                                                 ;              ;
;       |lpm_divide_hbm:auto_generated|  ; 247 (0)           ; 0 (0)        ; 0           ; 0            ; 0       ; 0         ; 0    ; 0            ; |final_project_59|lpm_divide:Mod1|lpm_divide_hbm:auto_generated                                                   ;              ;
;          |sign_div_unsign_fnh:divider| ; 247 (0)           ; 0 (0)        ; 0           ; 0            ; 0       ; 0         ; 0    ; 0            ; |final_project_59|lpm_divide:Mod1|lpm_divide_hbm:auto_generated|sign_div_unsign_fnh:divider                       ;              ;
;             |alt_u_div_99f:divider|    ; 247 (247)         ; 0 (0)        ; 0           ; 0            ; 0       ; 0         ; 0    ; 0            ; |final_project_59|lpm_divide:Mod1|lpm_divide_hbm:auto_generated|sign_div_unsign_fnh:divider|alt_u_div_99f:divider ;              ;
;    |lpm_divide:Mod2|                   ; 208 (0)           ; 0 (0)        ; 0           ; 0            ; 0       ; 0         ; 0    ; 0            ; |final_project_59|lpm_divide:Mod2                                                                                 ;              ;
;       |lpm_divide_hbm:auto_generated|  ; 208 (0)           ; 0 (0)        ; 0           ; 0            ; 0       ; 0         ; 0    ; 0            ; |final_project_59|lpm_divide:Mod2|lpm_divide_hbm:auto_generated                                                   ;              ;
;          |sign_div_unsign_fnh:divider| ; 208 (0)           ; 0 (0)        ; 0           ; 0            ; 0       ; 0         ; 0    ; 0            ; |final_project_59|lpm_divide:Mod2|lpm_divide_hbm:auto_generated|sign_div_unsign_fnh:divider                       ;              ;
;             |alt_u_div_99f:divider|    ; 208 (208)         ; 0 (0)        ; 0           ; 0            ; 0       ; 0         ; 0    ; 0            ; |final_project_59|lpm_divide:Mod2|lpm_divide_hbm:auto_generated|sign_div_unsign_fnh:divider|alt_u_div_99f:divider ;              ;
+----------------------------------------+-------------------+--------------+-------------+--------------+---------+-----------+------+--------------+-------------------------------------------------------------------------------------------------------------------+--------------+
Note: For table entries with two numbers listed, the numbers in parentheses indicate the number of resources of the given type used by the specific entity alone. The numbers listed outside of parentheses indicate the total resources of the given type used by the specific entity and all of its sub-entities in the hierarchy.


Encoding Type:  One-Hot
+-----------------------------------------------------------------------------------------------------+
; State Machine - |final_project_59|state                                                             ;
+---------------------+------------------+------------------+---------------------+-------------------+
; Name                ; state.Idle_state ; state.Time_state ; state.Control_state ; state.Reset_state ;
+---------------------+------------------+------------------+---------------------+-------------------+
; state.Reset_state   ; 0                ; 0                ; 0                   ; 0                 ;
; state.Control_state ; 0                ; 0                ; 1                   ; 1                 ;
; state.Time_state    ; 0                ; 1                ; 0                   ; 1                 ;
; state.Idle_state    ; 1                ; 0                ; 0                   ; 1                 ;
+---------------------+------------------+------------------+---------------------+-------------------+


Encoding Type:  One-Hot
+-----------------------------------------------------------+
; State Machine - |final_project_59|Finished                ;
+--------------+--------------+--------------+--------------+
; Name         ; Finished.000 ; Finished.100 ; Finished.011 ;
+--------------+--------------+--------------+--------------+
; Finished.000 ; 0            ; 0            ; 0            ;
; Finished.011 ; 1            ; 0            ; 1            ;
; Finished.100 ; 1            ; 1            ; 0            ;
+--------------+--------------+--------------+--------------+


+---------------------------------------------------------------------------------------------------+
; User-Specified and Inferred Latches                                                               ;
+----------------------------------------------------+---------------------+------------------------+
; Latch Name                                         ; Latch Enable Signal ; Free of Timing Hazards ;
+----------------------------------------------------+---------------------+------------------------+
; next_state.Control_state_1165                      ; state.Idle_state    ; yes                    ;
; next_state.Idle_state_1149                         ; state.Idle_state    ; yes                    ;
; next_state.Time_state_1157                         ; state.Idle_state    ; yes                    ;
; Number of user-specified and inferred latches = 3  ;                     ;                        ;
+----------------------------------------------------+---------------------+------------------------+
Note: All latches listed above may not be present at the end of synthesis due to various synthesis optimizations.


+---------------------------------------------------------------------------------+
; Registers Removed During Synthesis                                              ;
+----------------------------------------+----------------------------------------+
; Register name                          ; Reason for Removal                     ;
+----------------------------------------+----------------------------------------+
; Map1[4]~reg0                           ; Merged with Map1[6]~reg0               ;
; Map1[0]~reg0                           ; Merged with Map1[6]~reg0               ;
; Map1[5]~reg0                           ; Merged with Map1[6]~reg0               ;
; Map2[0]~reg0                           ; Merged with Map2[6]~reg0               ;
; Map2[5]~reg0                           ; Merged with Map2[6]~reg0               ;
; Map3[0]~reg0                           ; Merged with Map3[5]~reg0               ;
; Map4[3]~reg0                           ; Stuck at GND due to stuck port data_in ;
; state~4                                ; Lost fanout                            ;
; state~5                                ; Lost fanout                            ;
; Finished~8                             ; Lost fanout                            ;
; Map1[7]~reg0                           ; Merged with Map1[6]~reg0               ;
; Map2[7]~reg0                           ; Merged with Map2[6]~reg0               ;
; Total Number of Removed Registers = 12 ;                                        ;
+----------------------------------------+----------------------------------------+


+------------------------------------------------------+
; General Register Statistics                          ;
+----------------------------------------------+-------+
; Statistic                                    ; Value ;
+----------------------------------------------+-------+
; Total registers                              ; 131   ;
; Number of registers using Synchronous Clear  ; 4     ;
; Number of registers using Synchronous Load   ; 0     ;
; Number of registers using Asynchronous Clear ; 68    ;
; Number of registers using Asynchronous Load  ; 0     ;
; Number of registers using Clock Enable       ; 64    ;
; Number of registers using Preset             ; 0     ;
+----------------------------------------------+-------+


+---------------------------------------------------+
; Inverted Register Statistics                      ;
+-----------------------------------------+---------+
; Inverted Register                       ; Fan out ;
+-----------------------------------------+---------+
; Map1[6]~reg0                            ; 7       ;
; Map1[1]~reg0                            ; 2       ;
; Map1[2]~reg0                            ; 2       ;
; Map2[6]~reg0                            ; 7       ;
; Map2[1]~reg0                            ; 2       ;
; Map2[2]~reg0                            ; 2       ;
; Map2[4]~reg0                            ; 2       ;
; Map3[5]~reg0                            ; 3       ;
; Map3[1]~reg0                            ; 3       ;
; Map3[2]~reg0                            ; 3       ;
; Map3[4]~reg0                            ; 2       ;
; Map3[6]~reg0                            ; 2       ;
; Map4[0]~reg0                            ; 1       ;
; Map4[1]~reg0                            ; 1       ;
; Map4[5]~reg0                            ; 1       ;
; LED[8]~reg0                             ; 5       ;
; LED[9]~reg0                             ; 2       ;
; Cal                                     ; 33      ;
; Total number of inverted registers = 18 ;         ;
+-----------------------------------------+---------+


+----------------------------------------------------------------------------------------------------------------------------------------------+
; Multiplexer Restructuring Statistics (Restructuring Performed)                                                                               ;
+--------------------+-----------+---------------+----------------------+------------------------+------------+--------------------------------+
; Multiplexer Inputs ; Bus Width ; Baseline Area ; Area if Restructured ; Saving if Restructured ; Registered ; Example Multiplexer Output     ;
+--------------------+-----------+---------------+----------------------+------------------------+------------+--------------------------------+
; 3:1                ; 3 bits    ; 6 LEs         ; 3 LEs                ; 3 LEs                  ; Yes        ; |final_project_59|LED[6]~reg0  ;
; 3:1                ; 2 bits    ; 4 LEs         ; 2 LEs                ; 2 LEs                  ; Yes        ; |final_project_59|Change[1]    ;
; 4:1                ; 2 bits    ; 4 LEs         ; 2 LEs                ; 2 LEs                  ; Yes        ; |final_project_59|LED[1]~reg0  ;
; 5:1                ; 2 bits    ; 6 LEs         ; 4 LEs                ; 2 LEs                  ; Yes        ; |final_project_59|Map4[7]~reg0 ;
; 5:1                ; 5 bits    ; 15 LEs        ; 10 LEs               ; 5 LEs                  ; Yes        ; |final_project_59|Map3[3]~reg0 ;
; 8:1                ; 2 bits    ; 10 LEs        ; 4 LEs                ; 6 LEs                  ; Yes        ; |final_project_59|Map1[7]~reg0 ;
; 5:1                ; 11 bits   ; 33 LEs        ; 22 LEs               ; 11 LEs                 ; Yes        ; |final_project_59|Map2[6]~reg0 ;
; 8:1                ; 3 bits    ; 15 LEs        ; 9 LEs                ; 6 LEs                  ; Yes        ; |final_project_59|Map1[1]~reg0 ;
; 5:1                ; 2 bits    ; 6 LEs         ; 2 LEs                ; 4 LEs                  ; No         ; |final_project_59|Finished     ;
+--------------------+-----------+---------------+----------------------+------------------------+------------+--------------------------------+


+----------------------------------------------------------------------------------+
; Parameter Settings for User Entity Instance: Top-level Entity: |final_project_59 ;
+----------------+-------+---------------------------------------------------------+
; Parameter Name ; Value ; Type                                                    ;
+----------------+-------+---------------------------------------------------------+
; Reset_state    ; 00    ; Unsigned Binary                                         ;
; Control_state  ; 01    ; Unsigned Binary                                         ;
; Time_state     ; 10    ; Unsigned Binary                                         ;
; Idle_state     ; 11    ; Unsigned Binary                                         ;
+----------------+-------+---------------------------------------------------------+
Note: In order to hide this table in the UI and the text report file, please set the "Show Parameter Settings Tables in Synthesis Report" option in "Analysis and Synthesis Settings -> More Settings" to "Off".


+------------------------------------------------------------------+
; Parameter Settings for Inferred Entity Instance: lpm_divide:Mod0 ;
+------------------------+----------------+------------------------+
; Parameter Name         ; Value          ; Type                   ;
+------------------------+----------------+------------------------+
; LPM_WIDTHN             ; 32             ; Untyped                ;
; LPM_WIDTHD             ; 5              ; Untyped                ;
; LPM_NREPRESENTATION    ; UNSIGNED       ; Untyped                ;
; LPM_DREPRESENTATION    ; UNSIGNED       ; Untyped                ;
; LPM_PIPELINE           ; 0              ; Untyped                ;
; LPM_REMAINDERPOSITIVE  ; TRUE           ; Untyped                ;
; MAXIMIZE_SPEED         ; 5              ; Untyped                ;
; CBXI_PARAMETER         ; lpm_divide_t9m ; Untyped                ;
; CARRY_CHAIN            ; MANUAL         ; Untyped                ;
; OPTIMIZE_FOR_SPEED     ; 5              ; Untyped                ;
; AUTO_CARRY_CHAINS      ; ON             ; AUTO_CARRY             ;
; IGNORE_CARRY_BUFFERS   ; OFF            ; IGNORE_CARRY           ;
; AUTO_CASCADE_CHAINS    ; ON             ; AUTO_CASCADE           ;
; IGNORE_CASCADE_BUFFERS ; OFF            ; IGNORE_CASCADE         ;
+------------------------+----------------+------------------------+
Note: In order to hide this table in the UI and the text report file, please set the "Show Parameter Settings Tables in Synthesis Report" option in "Analysis and Synthesis Settings -> More Settings" to "Off".


+------------------------------------------------------------------+
; Parameter Settings for Inferred Entity Instance: lpm_divide:Mod2 ;
+------------------------+----------------+------------------------+
; Parameter Name         ; Value          ; Type                   ;
+------------------------+----------------+------------------------+
; LPM_WIDTHN             ; 26             ; Untyped                ;
; LPM_WIDTHD             ; 26             ; Untyped                ;
; LPM_NREPRESENTATION    ; UNSIGNED       ; Untyped                ;
; LPM_DREPRESENTATION    ; UNSIGNED       ; Untyped                ;
; LPM_PIPELINE           ; 0              ; Untyped                ;
; LPM_REMAINDERPOSITIVE  ; TRUE           ; Untyped                ;
; MAXIMIZE_SPEED         ; 5              ; Untyped                ;
; CBXI_PARAMETER         ; lpm_divide_hbm ; Untyped                ;
; CARRY_CHAIN            ; MANUAL         ; Untyped                ;
; OPTIMIZE_FOR_SPEED     ; 5              ; Untyped                ;
; AUTO_CARRY_CHAINS      ; ON             ; AUTO_CARRY             ;
; IGNORE_CARRY_BUFFERS   ; OFF            ; IGNORE_CARRY           ;
; AUTO_CASCADE_CHAINS    ; ON             ; AUTO_CASCADE           ;
; IGNORE_CASCADE_BUFFERS ; OFF            ; IGNORE_CASCADE         ;
+------------------------+----------------+------------------------+
Note: In order to hide this table in the UI and the text report file, please set the "Show Parameter Settings Tables in Synthesis Report" option in "Analysis and Synthesis Settings -> More Settings" to "Off".


+------------------------------------------------------------------+
; Parameter Settings for Inferred Entity Instance: lpm_divide:Mod1 ;
+------------------------+----------------+------------------------+
; Parameter Name         ; Value          ; Type                   ;
+------------------------+----------------+------------------------+
; LPM_WIDTHN             ; 26             ; Untyped                ;
; LPM_WIDTHD             ; 26             ; Untyped                ;
; LPM_NREPRESENTATION    ; UNSIGNED       ; Untyped                ;
; LPM_DREPRESENTATION    ; UNSIGNED       ; Untyped                ;
; LPM_PIPELINE           ; 0              ; Untyped                ;
; LPM_REMAINDERPOSITIVE  ; TRUE           ; Untyped                ;
; MAXIMIZE_SPEED         ; 5              ; Untyped                ;
; CBXI_PARAMETER         ; lpm_divide_hbm ; Untyped                ;
; CARRY_CHAIN            ; MANUAL         ; Untyped                ;
; OPTIMIZE_FOR_SPEED     ; 5              ; Untyped                ;
; AUTO_CARRY_CHAINS      ; ON             ; AUTO_CARRY             ;
; IGNORE_CARRY_BUFFERS   ; OFF            ; IGNORE_CARRY           ;
; AUTO_CASCADE_CHAINS    ; ON             ; AUTO_CASCADE           ;
; IGNORE_CASCADE_BUFFERS ; OFF            ; IGNORE_CASCADE         ;
+------------------------+----------------+------------------------+
Note: In order to hide this table in the UI and the text report file, please set the "Show Parameter Settings Tables in Synthesis Report" option in "Analysis and Synthesis Settings -> More Settings" to "Off".


+-------------------------------+
; Analysis & Synthesis Messages ;
+-------------------------------+
Info: *******************************************************************
Info: Running Quartus II Analysis & Synthesis
    Info: Version 9.1 Build 350 03/24/2010 Service Pack 2 SJ Web Edition
    Info: Processing started: Wed Jun 09 13:10:22 2021
Info: Command: quartus_map --read_settings_files=on --write_settings_files=off final_project_59 -c final_project_59
Warning (10261): Verilog HDL Event Control warning at final_project_59.v(139): Event Control contains a complex event expression
Warning (10261): Verilog HDL Event Control warning at final_project_59.v(161): Event Control contains a complex event expression
Info: Found 1 design units, including 1 entities, in source file final_project_59.v
    Info: Found entity 1: final_project_59
Info: Elaborating entity "final_project_59" for the top level hierarchy
Warning (10230): Verilog HDL assignment warning at final_project_59.v(52): truncated value with size 32 to match size of target (1)
Warning (10230): Verilog HDL assignment warning at final_project_59.v(53): truncated value with size 32 to match size of target (1)
Warning (10235): Verilog HDL Always Construct warning at final_project_59.v(125): variable "Finished" is read inside the Always Construct but isn't in the Always Construct's Event Control
Warning (10235): Verilog HDL Always Construct warning at final_project_59.v(130): variable "Finished" is read inside the Always Construct but isn't in the Always Construct's Event Control
Warning (10240): Verilog HDL Always Construct warning at final_project_59.v(120): inferring latch(es) for variable "next_state", which holds its previous value in one or more paths through the always construct
Warning (10230): Verilog HDL assignment warning at final_project_59.v(140): truncated value with size 32 to match size of target (26)
Warning (10230): Verilog HDL assignment warning at final_project_59.v(151): truncated value with size 32 to match size of target (1)
Warning (10230): Verilog HDL assignment warning at final_project_59.v(152): truncated value with size 32 to match size of target (1)
Warning (10230): Verilog HDL assignment warning at final_project_59.v(155): truncated value with size 32 to match size of target (1)
Warning (10230): Verilog HDL assignment warning at final_project_59.v(156): truncated value with size 32 to match size of target (1)
Warning (10230): Verilog HDL assignment warning at final_project_59.v(157): truncated value with size 32 to match size of target (1)
Warning (10034): Output port "LED[7]" at final_project_59.v(3) has no driver
Warning (10034): Output port "LED[3]" at final_project_59.v(3) has no driver
Info (10041): Inferred latch for "next_state.Idle_state" at final_project_59.v(120)
Info (10041): Inferred latch for "next_state.Time_state" at final_project_59.v(120)
Info (10041): Inferred latch for "next_state.Control_state" at final_project_59.v(120)
Info: Inferred 3 megafunctions from design logic
    Info: Inferred divider/modulo megafunction ("lpm_divide") from the following logic: "Mod0"
    Info: Inferred divider/modulo megafunction ("lpm_divide") from the following logic: "Mod2"
    Info: Inferred divider/modulo megafunction ("lpm_divide") from the following logic: "Mod1"
Info: Elaborated megafunction instantiation "lpm_divide:Mod0"
Info: Instantiated megafunction "lpm_divide:Mod0" with the following parameter:
    Info: Parameter "LPM_WIDTHN" = "32"
    Info: Parameter "LPM_WIDTHD" = "5"
    Info: Parameter "LPM_NREPRESENTATION" = "UNSIGNED"
    Info: Parameter "LPM_DREPRESENTATION" = "UNSIGNED"
Info: Found 1 design units, including 1 entities, in source file db/lpm_divide_t9m.tdf
    Info: Found entity 1: lpm_divide_t9m
Info: Found 1 design units, including 1 entities, in source file db/sign_div_unsign_rlh.tdf
    Info: Found entity 1: sign_div_unsign_rlh
Info: Found 1 design units, including 1 entities, in source file db/alt_u_div_u5f.tdf
    Info: Found entity 1: alt_u_div_u5f
Info: Found 1 design units, including 1 entities, in source file db/add_sub_unc.tdf
    Info: Found entity 1: add_sub_unc
Info: Found 1 design units, including 1 entities, in source file db/add_sub_vnc.tdf
    Info: Found entity 1: add_sub_vnc
Info: Elaborated megafunction instantiation "lpm_divide:Mod2"
Info: Instantiated megafunction "lpm_divide:Mod2" with the following parameter:
    Info: Parameter "LPM_WIDTHN" = "26"
    Info: Parameter "LPM_WIDTHD" = "26"
    Info: Parameter "LPM_NREPRESENTATION" = "UNSIGNED"
    Info: Parameter "LPM_DREPRESENTATION" = "UNSIGNED"
Info: Found 1 design units, including 1 entities, in source file db/lpm_divide_hbm.tdf
    Info: Found entity 1: lpm_divide_hbm
Info: Found 1 design units, including 1 entities, in source file db/sign_div_unsign_fnh.tdf
    Info: Found entity 1: sign_div_unsign_fnh
Info: Found 1 design units, including 1 entities, in source file db/alt_u_div_99f.tdf
    Info: Found entity 1: alt_u_div_99f
Info: Elaborated megafunction instantiation "lpm_divide:Mod1"
Info: Instantiated megafunction "lpm_divide:Mod1" with the following parameter:
    Info: Parameter "LPM_WIDTHN" = "26"
    Info: Parameter "LPM_WIDTHD" = "26"
    Info: Parameter "LPM_NREPRESENTATION" = "UNSIGNED"
    Info: Parameter "LPM_DREPRESENTATION" = "UNSIGNED"
Info: Registers with preset signals will power-up high
Info: DEV_CLRn pin will set, and not reset, register with preset signal due to NOT Gate Push-Back
Warning: Output pins are stuck at VCC or GND
    Warning (13410): Pin "Map4[3]" is stuck at GND
    Warning (13410): Pin "LED[3]" is stuck at GND
    Warning (13410): Pin "LED[7]" is stuck at GND
Critical Warning: Ignored Power-Up Level option on the following registers
    Critical Warning (18010): Register Cal will power up to High
Info: Timing-Driven Synthesis is running
Info: 3 registers lost all their fanouts during netlist optimizations. The first 3 are displayed below.
    Info: Register "state~4" lost all its fanouts during netlist optimizations.
    Info: Register "state~5" lost all its fanouts during netlist optimizations.
    Info: Register "Finished~8" lost all its fanouts during netlist optimizations.
Info: Generated suppressed messages file D:/ComputerScience/1092/计歙t参龟喷/final_project_59/final_project_59.map.smsg
Info: Implemented 1125 device resources after synthesis - the final resource count might be different
    Info: Implemented 5 input pins
    Info: Implemented 42 output pins
    Info: Implemented 1078 logic cells
Info: Quartus II Analysis & Synthesis was successful. 0 errors, 21 warnings
    Info: Peak virtual memory: 245 megabytes
    Info: Processing ended: Wed Jun 09 13:10:30 2021
    Info: Elapsed time: 00:00:08
    Info: Total CPU time (on all processors): 00:00:09


+------------------------------------------+
; Analysis & Synthesis Suppressed Messages ;
+------------------------------------------+
The suppressed messages can be found in D:/ComputerScience/1092/计歙t参龟喷/final_project_59/final_project_59.map.smsg.


